2025-11-06 15:02:57,221 [trainer.py] => config: ./exps/sdlora_ina.json
2025-11-06 15:02:57,222 [trainer.py] => seed: 1993
2025-11-06 15:02:57,222 [trainer.py] => prefix: reproduce
2025-11-06 15:02:57,222 [trainer.py] => dataset: imageneta
2025-11-06 15:02:57,222 [trainer.py] => memory_size: 0
2025-11-06 15:02:57,222 [trainer.py] => memory_per_class: 0
2025-11-06 15:02:57,222 [trainer.py] => fixed_memory: False
2025-11-06 15:02:57,222 [trainer.py] => shuffle: True
2025-11-06 15:02:57,222 [trainer.py] => init_cls: 20
2025-11-06 15:02:57,222 [trainer.py] => increment: 20
2025-11-06 15:02:57,222 [trainer.py] => model_name: sdlora
2025-11-06 15:02:57,222 [trainer.py] => backbone_type: vit_base_patch16_224
2025-11-06 15:02:57,222 [trainer.py] => device: [device(type='cuda', index=0)]
2025-11-06 15:02:57,222 [trainer.py] => optimizer: adam
2025-11-06 15:02:57,222 [trainer.py] => scheduler: constant
2025-11-06 15:02:57,222 [trainer.py] => filepath: ./ImageNetA/
2025-11-06 15:02:57,222 [trainer.py] => init_epoch: 20
2025-11-06 15:02:57,222 [trainer.py] => init_lr: 0.01
2025-11-06 15:02:57,222 [trainer.py] => init_milestones: [10, 15]
2025-11-06 15:02:57,222 [trainer.py] => init_lr_decay: 0.05
2025-11-06 15:02:57,222 [trainer.py] => init_weight_decay: 0.0005
2025-11-06 15:02:57,222 [trainer.py] => epochs: 20
2025-11-06 15:02:57,222 [trainer.py] => lrate: 0.005
2025-11-06 15:02:57,222 [trainer.py] => milestones: [10, 15]
2025-11-06 15:02:57,222 [trainer.py] => lrate_decay: 0.05
2025-11-06 15:02:57,222 [trainer.py] => batch_size: 128
2025-11-06 15:02:57,222 [trainer.py] => weight_decay: 0.0005
