2025-11-06 15:02:57,184 [trainer.py] => config: ./exps/sdlora_inr.json
2025-11-06 15:02:57,184 [trainer.py] => seed: 1995
2025-11-06 15:02:57,184 [trainer.py] => prefix: reproduce
2025-11-06 15:02:57,184 [trainer.py] => dataset: imagenetr
2025-11-06 15:02:57,184 [trainer.py] => memory_size: 0
2025-11-06 15:02:57,184 [trainer.py] => memory_per_class: 0
2025-11-06 15:02:57,184 [trainer.py] => fixed_memory: False
2025-11-06 15:02:57,184 [trainer.py] => shuffle: True
2025-11-06 15:02:57,184 [trainer.py] => init_cls: 20
2025-11-06 15:02:57,184 [trainer.py] => increment: 20
2025-11-06 15:02:57,184 [trainer.py] => model_name: sdlora
2025-11-06 15:02:57,184 [trainer.py] => backbone_type: vit_base_patch16_224
2025-11-06 15:02:57,184 [trainer.py] => device: [device(type='cuda', index=0)]
2025-11-06 15:02:57,184 [trainer.py] => optimizer: adam
2025-11-06 15:02:57,184 [trainer.py] => scheduler: constant
2025-11-06 15:02:57,184 [trainer.py] => filepath: ./ImageNetR3/
2025-11-06 15:02:57,184 [trainer.py] => init_epoch: 20
2025-11-06 15:02:57,184 [trainer.py] => init_lr: 0.01
2025-11-06 15:02:57,184 [trainer.py] => init_milestones: [10000]
2025-11-06 15:02:57,184 [trainer.py] => init_lr_decay: 0
2025-11-06 15:02:57,184 [trainer.py] => init_weight_decay: 0.0005
2025-11-06 15:02:57,184 [trainer.py] => epochs: 20
2025-11-06 15:02:57,184 [trainer.py] => lrate: 0.01
2025-11-06 15:02:57,184 [trainer.py] => milestones: [10000]
2025-11-06 15:02:57,184 [trainer.py] => lrate_decay: 0
2025-11-06 15:02:57,185 [trainer.py] => batch_size: 128
2025-11-06 15:02:57,185 [trainer.py] => weight_decay: 0.0002
2025-11-06 15:03:34,740 [trainer.py] => config: ./exps/sdlora_inr.json
2025-11-06 15:03:34,741 [trainer.py] => seed: 1995
2025-11-06 15:03:34,741 [trainer.py] => prefix: reproduce
2025-11-06 15:03:34,741 [trainer.py] => dataset: imagenetr
2025-11-06 15:03:34,741 [trainer.py] => memory_size: 0
2025-11-06 15:03:34,741 [trainer.py] => memory_per_class: 0
2025-11-06 15:03:34,741 [trainer.py] => fixed_memory: False
2025-11-06 15:03:34,741 [trainer.py] => shuffle: True
2025-11-06 15:03:34,741 [trainer.py] => init_cls: 20
2025-11-06 15:03:34,741 [trainer.py] => increment: 20
2025-11-06 15:03:34,741 [trainer.py] => model_name: sdlora
2025-11-06 15:03:34,741 [trainer.py] => backbone_type: vit_base_patch16_224
2025-11-06 15:03:34,741 [trainer.py] => device: [device(type='cuda', index=0)]
2025-11-06 15:03:34,741 [trainer.py] => optimizer: adam
2025-11-06 15:03:34,741 [trainer.py] => scheduler: constant
2025-11-06 15:03:34,741 [trainer.py] => filepath: /mnt/localssd/datasets/imagenetr
2025-11-06 15:03:34,741 [trainer.py] => init_epoch: 20
2025-11-06 15:03:34,741 [trainer.py] => init_lr: 0.01
2025-11-06 15:03:34,741 [trainer.py] => init_milestones: [10000]
2025-11-06 15:03:34,741 [trainer.py] => init_lr_decay: 0
2025-11-06 15:03:34,741 [trainer.py] => init_weight_decay: 0.0005
2025-11-06 15:03:34,741 [trainer.py] => epochs: 20
2025-11-06 15:03:34,741 [trainer.py] => lrate: 0.01
2025-11-06 15:03:34,741 [trainer.py] => milestones: [10000]
2025-11-06 15:03:34,741 [trainer.py] => lrate_decay: 0
2025-11-06 15:03:34,741 [trainer.py] => batch_size: 128
2025-11-06 15:03:34,741 [trainer.py] => weight_decay: 0.0002
2025-11-06 15:07:45,054 [trainer.py] => config: ./exps/sdlora_inr.json
2025-11-06 15:07:45,054 [trainer.py] => seed: 1995
2025-11-06 15:07:45,054 [trainer.py] => prefix: reproduce
2025-11-06 15:07:45,054 [trainer.py] => dataset: imagenetr
2025-11-06 15:07:45,054 [trainer.py] => memory_size: 0
2025-11-06 15:07:45,054 [trainer.py] => memory_per_class: 0
2025-11-06 15:07:45,054 [trainer.py] => fixed_memory: False
2025-11-06 15:07:45,054 [trainer.py] => shuffle: True
2025-11-06 15:07:45,054 [trainer.py] => init_cls: 20
2025-11-06 15:07:45,054 [trainer.py] => increment: 20
2025-11-06 15:07:45,055 [trainer.py] => model_name: sdlora
2025-11-06 15:07:45,055 [trainer.py] => backbone_type: vit_base_patch16_224
2025-11-06 15:07:45,055 [trainer.py] => device: [device(type='cuda', index=0)]
2025-11-06 15:07:45,055 [trainer.py] => optimizer: adam
2025-11-06 15:07:45,055 [trainer.py] => scheduler: constant
2025-11-06 15:07:45,055 [trainer.py] => filepath: /mnt/localssd/datasets/imagenetr
2025-11-06 15:07:45,055 [trainer.py] => init_epoch: 20
2025-11-06 15:07:45,055 [trainer.py] => init_lr: 0.01
2025-11-06 15:07:45,055 [trainer.py] => init_milestones: [10000]
2025-11-06 15:07:45,055 [trainer.py] => init_lr_decay: 0
2025-11-06 15:07:45,055 [trainer.py] => init_weight_decay: 0.0005
2025-11-06 15:07:45,055 [trainer.py] => epochs: 20
2025-11-06 15:07:45,055 [trainer.py] => lrate: 0.01
2025-11-06 15:07:45,055 [trainer.py] => milestones: [10000]
2025-11-06 15:07:45,055 [trainer.py] => lrate_decay: 0
2025-11-06 15:07:45,055 [trainer.py] => batch_size: 128
2025-11-06 15:07:45,055 [trainer.py] => weight_decay: 0.0002
2025-11-06 15:10:33,853 [trainer.py] => config: ./exps/sdlora_inr.json
2025-11-06 15:10:33,854 [trainer.py] => seed: 1995
2025-11-06 15:10:33,854 [trainer.py] => prefix: reproduce
2025-11-06 15:10:33,854 [trainer.py] => dataset: imagenetr
2025-11-06 15:10:33,854 [trainer.py] => memory_size: 0
2025-11-06 15:10:33,854 [trainer.py] => memory_per_class: 0
2025-11-06 15:10:33,854 [trainer.py] => fixed_memory: False
2025-11-06 15:10:33,854 [trainer.py] => shuffle: True
2025-11-06 15:10:33,854 [trainer.py] => init_cls: 20
2025-11-06 15:10:33,854 [trainer.py] => increment: 20
2025-11-06 15:10:33,854 [trainer.py] => model_name: sdlora
2025-11-06 15:10:33,854 [trainer.py] => backbone_type: vit_base_patch16_224
2025-11-06 15:10:33,854 [trainer.py] => device: [device(type='cuda', index=0)]
2025-11-06 15:10:33,854 [trainer.py] => optimizer: adam
2025-11-06 15:10:33,854 [trainer.py] => scheduler: constant
2025-11-06 15:10:33,854 [trainer.py] => filepath: ./ImageNetR3/
2025-11-06 15:10:33,854 [trainer.py] => init_epoch: 20
2025-11-06 15:10:33,854 [trainer.py] => init_lr: 0.01
2025-11-06 15:10:33,854 [trainer.py] => init_milestones: [10000]
2025-11-06 15:10:33,854 [trainer.py] => init_lr_decay: 0
2025-11-06 15:10:33,854 [trainer.py] => init_weight_decay: 0.0005
2025-11-06 15:10:33,854 [trainer.py] => epochs: 20
2025-11-06 15:10:33,854 [trainer.py] => lrate: 0.01
2025-11-06 15:10:33,854 [trainer.py] => milestones: [10000]
2025-11-06 15:10:33,854 [trainer.py] => lrate_decay: 0
2025-11-06 15:10:33,854 [trainer.py] => batch_size: 128
2025-11-06 15:10:33,854 [trainer.py] => weight_decay: 0.0002
2025-11-06 15:11:13,725 [trainer.py] => config: ./exps/sdlora_inr.json
2025-11-06 15:11:13,725 [trainer.py] => seed: 1995
2025-11-06 15:11:13,725 [trainer.py] => prefix: reproduce
2025-11-06 15:11:13,725 [trainer.py] => dataset: imagenetr
2025-11-06 15:11:13,725 [trainer.py] => memory_size: 0
2025-11-06 15:11:13,725 [trainer.py] => memory_per_class: 0
2025-11-06 15:11:13,725 [trainer.py] => fixed_memory: False
2025-11-06 15:11:13,725 [trainer.py] => shuffle: True
2025-11-06 15:11:13,725 [trainer.py] => init_cls: 20
2025-11-06 15:11:13,725 [trainer.py] => increment: 20
2025-11-06 15:11:13,725 [trainer.py] => model_name: sdlora
2025-11-06 15:11:13,725 [trainer.py] => backbone_type: vit_base_patch16_224
2025-11-06 15:11:13,725 [trainer.py] => device: [device(type='cuda', index=0)]
2025-11-06 15:11:13,725 [trainer.py] => optimizer: adam
2025-11-06 15:11:13,725 [trainer.py] => scheduler: constant
2025-11-06 15:11:13,725 [trainer.py] => filepath: ./ImageNetR3/
2025-11-06 15:11:13,725 [trainer.py] => init_epoch: 20
2025-11-06 15:11:13,725 [trainer.py] => init_lr: 0.01
2025-11-06 15:11:13,725 [trainer.py] => init_milestones: [10000]
2025-11-06 15:11:13,725 [trainer.py] => init_lr_decay: 0
2025-11-06 15:11:13,725 [trainer.py] => init_weight_decay: 0.0005
2025-11-06 15:11:13,725 [trainer.py] => epochs: 20
2025-11-06 15:11:13,725 [trainer.py] => lrate: 0.01
2025-11-06 15:11:13,726 [trainer.py] => milestones: [10000]
2025-11-06 15:11:13,726 [trainer.py] => lrate_decay: 0
2025-11-06 15:11:13,726 [trainer.py] => batch_size: 128
2025-11-06 15:11:13,726 [trainer.py] => weight_decay: 0.0002
